<?xml version="1.0" encoding="UTF-8"?>
<!-- Generated by org.testng.reporters.JUnitReportReporter -->
<testsuite hostname="LAPTOP-12S004T5" failures="0" tests="1" name="com_jenkins_serires.DemoTest" time="0.015" errors="0" timestamp="26 Oct 2024 10:35:28 GMT">
  <testcase classname="com_jenkins_serires.DemoTest" name="runDemo" time="0.015"/>
</testsuite> <!-- com_jenkins_serires.DemoTest -->
