<?xml version="1.0" encoding="UTF-8"?>
<!-- Generated by org.testng.reporters.JUnitReportReporter -->
<testsuite hostname="LAPTOP-12S004T5" failures="0" tests="2" name="com_jenkins_serires.SampleTest" time="7.239" errors="0" timestamp="26 Oct 2024 10:44:28 GMT">
  <testcase classname="com_jenkins_serires.SampleTest" name="runTest2" time="0.000"/>
  <testcase classname="com_jenkins_serires.SampleTest" name="runTest1" time="7.239"/>
</testsuite> <!-- com_jenkins_serires.SampleTest -->
